1                                                          The SAS System                                17:41 Sunday, April 7, 2013

1          ;*';*";*/;quit;run;
2          OPTIONS PAGENO=MIN;
3          %LET _CLIENTTASKLABEL='pds';
4          %LET _CLIENTPROJECTPATH='C:\Users\jdantonio\Projects\FOSS\passion-driven-statistics\pds.egp';
5          %LET _CLIENTPROJECTNAME='pds.egp';
6          %LET _SASPROGRAMFILE=;
7          
8          ODS _ALL_ CLOSE;
9          OPTIONS DEV=ACTIVEX;
10         GOPTIONS XPIXELS=0 YPIXELS=0;
11         FILENAME EGSR TEMP;
12         ODS tagsets.sasreport12(ID=EGSR) FILE=EGSR STYLE=Analysis
12       ! STYLESHEET=(URL="file:///C:/Program%20Files%20(x86)/SAS/EnterpriseGuideAcademics/4.3/Styles/Analysis.css") NOGTITLE
12       ! NOGFOOTNOTE GPATH=&sasworklocation ENCODING=UTF8 options(rolap="on");
NOTE: Writing TAGSETS.SASREPORT12(EGSR) Body file: EGSR
13         
14         GOPTIONS ACCESSIBLE;
15         /********************************************************************
16          Gerald (Jerry) D'Antonio
17          Passion Driven Statistics via Coursera
18          Analysis of Mars Crater Data
19         
20          "Is there a relationship between the size of a crater and its
21           distance from the equator?"
22          *******************************************************************/
23         
24         /* load the class data set */
25         libname mydata "/courses/u_coursera.org1/i_1006328/c_5333" access=readonly;
NOTE: Libref MYDATA was successfully assigned as follows: 
      Engine:        V9 
      Physical Name: /courses/u_coursera.org1/i_1006328/c_5333
26         
27         /* get the mars crater data from the data set */
28         DATA new; set mydata.marscrater_pds;
NOTE: Data file MYDATA.MARSCRATER_PDS.DATA is in a format that is native to another host, or the file encoding does not match the 
      session encoding. Cross Environment Data Access will be used, which might require additional CPU resources and might reduce 
      performance.
29         
30         /* round latitude to nearest degree, nearest 10 degrees
31            convert depth to meters */
32         NEAREST_LATITUDE = FLOOR(ABS(LATITUDE_CIRCLE_IMAGE));
33         LATITUDE_BAND = FLOOR(ABS(LATITUDE_CIRCLE_IMAGE) / 10);
34         DEPTH_METERS = DEPTH_RIMFLOOR_TOPOG * 1000;
35         
36         /* give friendly labels to the columns I want to work with */
37         LABEL LATITUDE_CIRCLE_IMAGE = "Latitude of Crater Center"
38               DIAM_CIRCLE_IMAGE     = "Crater Diameter (in km)"
39               DEPTH_RIMFLOOR_TOPOG  = "Average Elevation of Crater Rim (in km)";
40         
41         LABEL LATITUDE_BAND    = "Relative Distance from Equator (latitude absolute value, nearest 10 degrees)"
42               DEPTH_METERS     = "Average Elevation of Crater Rim (in meters)";
43         
44         /* sort the data by crater_id, asc */

NOTE: There were 384343 observations read from the data set MYDATA.MARSCRATER_PDS.
NOTE: The data set WORK.NEW has 384343 observations and 13 variables.
NOTE: DATA statement used (Total process time):
      real time           1.61 seconds
2                                                          The SAS System                                17:41 Sunday, April 7, 2013

      user cpu time       0.49 seconds
      system cpu time     0.16 seconds
      memory              878.09k
      OS Memory           14132.00k
      Timestamp           04/07/2013 05:54:54 PM
      Page Faults                       0
      Page Reclaims                     161
      Page Swaps                        0
      Voluntary Context Switches        4672
      Involuntary Context Switches      9
      Block Input Operations            0
      Block Output Operations           126792
      
45         PROC SORT; by CRATER_ID;

46         
47         /* big data set, will take a lot of time */
48         /*PROC PRINT; VAR latitude_band;*/
49         
50         /* calculate frequency data */

NOTE: There were 384343 observations read from the data set WORK.NEW.
NOTE: The data set WORK.NEW has 384343 observations and 13 variables.
NOTE: PROCEDURE SORT used (Total process time):
      real time           0.76 seconds
      user cpu time       0.14 seconds
      system cpu time     0.12 seconds
      memory              88191.98k
      OS Memory           101236.00k
      Timestamp           04/07/2013 05:54:55 PM
      Page Faults                       0
      Page Reclaims                     6530
      Page Swaps                        0
      Voluntary Context Switches        1050
      Involuntary Context Switches      2
      Block Input Operations            0
      Block Output Operations           126792
      
51         PROC FREQ; TABLES latitude_band nearest_latitude depth_meters;

52         

NOTE: There were 384343 observations read from the data set WORK.NEW.
NOTE: PROCEDURE FREQ used (Total process time):
      real time           0.24 seconds
      user cpu time       0.21 seconds
      system cpu time     0.02 seconds
      memory              1401.73k
      OS Memory           14392.00k
      Timestamp           04/07/2013 05:54:55 PM
      Page Faults                       0
      Page Reclaims                     109
      Page Swaps                        0
      Voluntary Context Switches        99
      Involuntary Context Switches      1
      Block Input Operations            0
      Block Output Operations           328
      
3                                                          The SAS System                                17:41 Sunday, April 7, 2013

53         PROC UNIVARIATE; VAR latitude_band nearest_latitude depth_meters;

54         
55         /* run the program - always required */
56         run;

NOTE: PROCEDURE UNIVARIATE used (Total process time):
      real time           0.18 seconds
      user cpu time       0.16 seconds
      system cpu time     0.01 seconds
      memory              697.45k
      OS Memory           14132.00k
      Timestamp           04/07/2013 05:54:56 PM
      Page Faults                       0
      Page Reclaims                     47
      Page Swaps                        0
      Voluntary Context Switches        163
      Involuntary Context Switches      0
      Block Input Operations            0
      Block Output Operations           24
      

57         
58         
59         GOPTIONS NOACCESSIBLE;
60         %LET _CLIENTTASKLABEL=;
61         %LET _CLIENTPROJECTPATH=;
62         %LET _CLIENTPROJECTNAME=;
63         %LET _SASPROGRAMFILE=;
64         
65         ;*';*";*/;quit;run;
66         ODS _ALL_ CLOSE;
67         
68         
69         QUIT; RUN;
70         
