1                                                          The SAS System                               09:37 Sunday, April 21, 2013

1          ;*';*";*/;quit;run;
2          OPTIONS PAGENO=MIN;
3          %LET _CLIENTTASKLABEL='pds';
4          %LET _CLIENTPROJECTPATH='C:\Users\jdantonio\Projects\School\passion-driven-statistics\pds.egp';
5          %LET _CLIENTPROJECTNAME='pds.egp';
6          %LET _SASPROGRAMFILE=;
7          
8          ODS _ALL_ CLOSE;
9          OPTIONS DEV=ACTIVEX;
10         GOPTIONS XPIXELS=0 YPIXELS=0;
11         FILENAME EGSR TEMP;
12         ODS tagsets.sasreport12(ID=EGSR) FILE=EGSR STYLE=Analysis
12       ! STYLESHEET=(URL="file:///C:/Program%20Files%20(x86)/SAS/EnterpriseGuideAcademics/4.3/Styles/Analysis.css") NOGTITLE
12       ! NOGFOOTNOTE GPATH=&sasworklocation ENCODING=UTF8 options(rolap="on");
NOTE: Writing TAGSETS.SASREPORT12(EGSR) Body file: EGSR
13         
14         GOPTIONS ACCESSIBLE;
15         /********************************************************************
16          Gerald (Jerry) D'Antonio
17          Passion Driven Statistics via Coursera
18          Analysis of Mars Crater Data
19         
20          "Is there a relationship between the size of a crater and its
21           distance from the equator?"
22          *******************************************************************/
23         
24         /* load the class data set */
25         libname mydata "/courses/u_coursera.org1/i_1006328/c_5333" access=readonly;
NOTE: Libref MYDATA was successfully assigned as follows: 
      Engine:        V9 
      Physical Name: /courses/u_coursera.org1/i_1006328/c_5333
26         
27         /* get the mars crater data from the data set */
28         DATA new; set mydata.marscrater_pds;
NOTE: Data file MYDATA.MARSCRATER_PDS.DATA is in a format that is native to another host, or the file encoding does not match the 
      session encoding. Cross Environment Data Access will be used, which might require additional CPU resources and might reduce 
      performance.
29         
30         /* round latitude to nearest degree, nearest 10 degrees
31            convert depth to meters */
32         NEAREST_LATITUDE = FLOOR(LATITUDE_CIRCLE_IMAGE);
33         LATITUDE_GROUP = FLOOR(LATITUDE_CIRCLE_IMAGE / 10);
34         APPROX_DIAMETER = FLOOR(DIAM_CIRCLE_IMAGE);
35         DEPTH_METERS = DEPTH_RIMFLOOR_TOPOG * 1000;
36         
37         if LATITUDE_CIRCLE_IMAGE lt 0 then HEMISPHERE = 0;
38         else HEMISPHERE = 1;
39         
40         /* give friendly labels to the columns I want to work with */
41         LABEL LATITUDE_CIRCLE_IMAGE = "Latitude of Crater Center"
42               DIAM_CIRCLE_IMAGE     = "Crater Diameter (in km)"
43               DEPTH_RIMFLOOR_TOPOG  = "Average Elevation of Crater Rim (in km)";
44         
45         LABEL NEAREST_LATITUDE = "Relative Distance from Equator (nearest 1 degree latitude)"
46               LATITUDE_GROUP   = "Relative Distance from Equator (nearest 10 degrees latitude)"
47         	  APPROX_DIAMETER  = "Crater Diameter (nearest 1 km)"
48               DEPTH_METERS     = "Average Elevation of Crater Rim (in meters)"
49               HEMISPHERE       = "Hemisphere with respect to equator (0=South, 1=North)";
2                                                          The SAS System                               09:37 Sunday, April 21, 2013

50         
51         /* sort the data by crater_id, asc */

NOTE: There were 384343 observations read from the data set MYDATA.MARSCRATER_PDS.
NOTE: The data set WORK.NEW has 384343 observations and 15 variables.
NOTE: DATA statement used (Total process time):
      real time           1.48 seconds
      user cpu time       0.49 seconds
      system cpu time     0.16 seconds
      memory              873.81k
      OS Memory           14132.00k
      Timestamp           04/21/2013 10:26:15 AM
      Page Faults                       0
      Page Reclaims                     154
      Page Swaps                        0
      Voluntary Context Switches        4670
      Involuntary Context Switches      3
      Block Input Operations            8
      Block Output Operations           138832
      
52         PROC SORT; by CRATER_ID;

53         
54         /* big data set, will take a lot of time */
55         /*PROC PRINT; VAR latitude_group;*/
56         
57         /* calculate frequency data */
58         /*PROC FREQ; TABLES latitude_group nearest_latitude depth_meters;*/
59         
60         /*PROC UNIVARIATE; VAR latitude_group nearest_latitude approx_diameter;*/
61         

NOTE: There were 384343 observations read from the data set WORK.NEW.
NOTE: The data set WORK.NEW has 384343 observations and 15 variables.
NOTE: PROCEDURE SORT used (Total process time):
      real time           0.59 seconds
      user cpu time       0.16 seconds
      system cpu time     0.13 seconds
      memory              94891.34k
      OS Memory           107892.00k
      Timestamp           04/21/2013 10:26:16 AM
      Page Faults                       0
      Page Reclaims                     6727
      Page Swaps                        0
      Voluntary Context Switches        1516
      Involuntary Context Switches      3
      Block Input Operations            0
      Block Output Operations           138832
      
62         PROC ANOVA; class HEMISPHERE;

63                     model DIAM_CIRCLE_IMAGE = HEMISPHERE;
64         			means HEMISPHERE;
65         

NOTE: PROCEDURE ANOVA used (Total process time):
      real time           0.18 seconds
      user cpu time       0.11 seconds
3                                                          The SAS System                               09:37 Sunday, April 21, 2013

      system cpu time     0.03 seconds
      memory              2035.92k
      OS Memory           14912.00k
      Timestamp           04/21/2013 10:26:16 AM
      Page Faults                       0
      Page Reclaims                     128
      Page Swaps                        0
      Voluntary Context Switches        329
      Involuntary Context Switches      0
      Block Input Operations            0
      Block Output Operations           12064
      
66         PROC ANOVA; class HEMISPHERE;

67                     model DEPTH_RIMFLOOR_TOPOG = HEMISPHERE;
68         			means HEMISPHERE;
69         

NOTE: PROCEDURE ANOVA used (Total process time):
      real time           0.18 seconds
      user cpu time       0.13 seconds
      system cpu time     0.02 seconds
      memory              1446.25k
      OS Memory           14912.00k
      Timestamp           04/21/2013 10:26:16 AM
      Page Faults                       0
      Page Reclaims                     116
      Page Swaps                        0
      Voluntary Context Switches        357
      Involuntary Context Switches      0
      Block Input Operations            0
      Block Output Operations           12064
      
70         PROC ANOVA; class LATITUDE_GROUP;

71                     model DIAM_CIRCLE_IMAGE = LATITUDE_GROUP;
72         			means LATITUDE_GROUP /DUNCAN;
73         

NOTE: PROCEDURE ANOVA used (Total process time):
      real time           0.58 seconds
      user cpu time       0.16 seconds
      system cpu time     0.03 seconds
      memory              1728.89k
      OS Memory           14912.00k
      Timestamp           04/21/2013 10:26:17 AM
      Page Faults                       0
      Page Reclaims                     119
      Page Swaps                        0
      Voluntary Context Switches        501
      Involuntary Context Switches      0
      Block Input Operations            0
      Block Output Operations           12128
      
74         PROC ANOVA; class LATITUDE_GROUP;

75                     model DEPTH_RIMFLOOR_TOPOG = LATITUDE_GROUP;
76         			means LATITUDE_GROUP /DUNCAN;
4                                                          The SAS System                               09:37 Sunday, April 21, 2013

77         
78         /* run the program - always required */
79         run;

80         
81         
82         GOPTIONS NOACCESSIBLE;
83         %LET _CLIENTTASKLABEL=;
84         %LET _CLIENTPROJECTPATH=;
85         %LET _CLIENTPROJECTNAME=;
86         %LET _SASPROGRAMFILE=;
87         
88         ;*';*";*/;quit;

NOTE: PROCEDURE ANOVA used (Total process time):
      real time           0.24 seconds
      user cpu time       0.16 seconds
      system cpu time     0.01 seconds
      memory              1618.09k
      OS Memory           14912.00k
      Timestamp           04/21/2013 10:26:17 AM
      Page Faults                       0
      Page Reclaims                     119
      Page Swaps                        0
      Voluntary Context Switches        508
      Involuntary Context Switches      1
      Block Input Operations            0
      Block Output Operations           12072
      
88       !                run;

89         ODS _ALL_ CLOSE;
90         
91         
92         QUIT; RUN;
93         
